# JRE version: Java(TM) SE Runtime Environment (8.0_74-b02) (build 1.8.0_74-b02)
# Java VM: Java HotSpot(TM) 64-Bit Server VM (25.74-b02 mixed mode linux-amd64 compressed oops)
Heap:
 par new generation   total 76672K, used 47577K [0x00000000c0000000, 0x00000000c5330000, 0x00000000c5330000)
  eden space 68160K,  57% used [0x00000000c0000000, 0x00000000c2626418, 0x00000000c4290000)
  from space 8512K, 100% used [0x00000000c4290000, 0x00000000c4ae0000, 0x00000000c4ae0000)
  to   space 8512K,   0% used [0x00000000c4ae0000, 0x00000000c4ae0000, 0x00000000c5330000)
 concurrent mark-sweep generation total 176960K, used 44497K [0x00000000c5330000, 0x00000000d0000000, 0x0000000100000000)
 Metaspace       used 38320K, capacity 38680K, committed 38892K, reserved 1083392K
  class space    used 4976K, capacity 5091K, committed 5108K, reserved 1048576K
GC Heap History (10 events):
Event: 3.019 GC heap before
{Heap before GC invocations=1 (full 0):
 par new generation   total 76672K, used 74910K [0x00000000c0000000, 0x00000000c5330000, 0x00000000c5330000)
  eden space 68160K, 100% used [0x00000000c0000000, 0x00000000c4290000, 0x00000000c4290000)
  from space 8512K,  79% used [0x00000000c4ae0000, 0x00000000c5177b78, 0x00000000c5330000)
  to   space 8512K,   0% used [0x00000000c4290000, 0x00000000c4290000, 0x00000000c4ae0000)
 concurrent mark-sweep generation total 176960K, used 0K [0x00000000c5330000, 0x00000000d0000000, 0x0000000100000000)
 Metaspace       used 13300K, capacity 13464K, committed 13824K, reserved 1060864K
  class space    used 1591K, capacity 1683K, committed 1792K, reserved 1048576K
Event: 3.045 GC heap after
Heap after GC invocations=2 (full 0):
 par new generation   total 76672K, used 5889K [0x00000000c0000000, 0x00000000c5330000, 0x00000000c5330000)
  eden space 68160K,   0% used [0x00000000c0000000, 0x00000000c0000000, 0x00000000c4290000)
  from space 8512K,  69% used [0x00000000c4290000, 0x00000000c4850530, 0x00000000c4ae0000)
  to   space 8512K,   0% used [0x00000000c4ae0000, 0x00000000c4ae0000, 0x00000000c5330000)
 concurrent mark-sweep generation total 176960K, used 1996K [0x00000000c5330000, 0x00000000d0000000, 0x0000000100000000)
 Metaspace       used 13300K, capacity 13464K, committed 13824K, reserved 1060864K
  class space    used 1591K, capacity 1683K, committed 1792K, reserved 1048576K
}
Event: 3.710 GC heap before
{Heap before GC invocations=2 (full 0):
 par new generation   total 76672K, used 74049K [0x00000000c0000000, 0x00000000c5330000, 0x00000000c5330000)
  eden space 68160K, 100% used [0x00000000c0000000, 0x00000000c4290000, 0x00000000c4290000)
  from space 8512K,  69% used [0x00000000c4290000, 0x00000000c4850530, 0x00000000c4ae0000)
  to   space 8512K,   0% used [0x00000000c4ae0000, 0x00000000c4ae0000, 0x00000000c5330000)
 concurrent mark-sweep generation total 176960K, used 1996K [0x00000000c5330000, 0x00000000d0000000, 0x0000000100000000)
 Metaspace       used 17960K, capacity 18202K, committed 18304K, reserved 1064960K
  class space    used 2264K, capacity 2365K, committed 2432K, reserved 1048576K
Event: 3.724 GC heap after
Heap after GC invocations=3 (full 0):
 par new generation   total 76672K, used 7657K [0x00000000c0000000, 0x00000000c5330000, 0x00000000c5330000)
  eden space 68160K,   0% used [0x00000000c0000000, 0x00000000c0000000, 0x00000000c4290000)
  from space 8512K,  89% used [0x00000000c4ae0000, 0x00000000c525a620, 0x00000000c5330000)
  to   space 8512K,   0% used [0x00000000c4290000, 0x00000000c4290000, 0x00000000c4ae0000)
 concurrent mark-sweep generation total 176960K, used 2906K [0x00000000c5330000, 0x00000000d0000000, 0x0000000100000000)
 Metaspace       used 17960K, capacity 18202K, committed 18304K, reserved 1064960K
  class space    used 2264K, capacity 2365K, committed 2432K, reserved 1048576K
}
Event: 6.179 GC heap before
{Heap before GC invocations=3 (full 1):
 par new generation   total 76672K, used 75817K [0x00000000c0000000, 0x00000000c5330000, 0x00000000c5330000)
  eden space 68160K, 100% used [0x00000000c0000000, 0x00000000c4290000, 0x00000000c4290000)
  from space 8512K,  89% used [0x00000000c4ae0000, 0x00000000c525a620, 0x00000000c5330000)
  to   space 8512K,   0% used [0x00000000c4290000, 0x00000000c4290000, 0x00000000c4ae0000)
 concurrent mark-sweep generation total 176960K, used 2906K [0x00000000c5330000, 0x00000000d0000000, 0x0000000100000000)
 Metaspace       used 25932K, capacity 26132K, committed 26276K, reserved 1073152K
  class space    used 3352K, capacity 3428K, committed 3496K, reserved 1048576K
Event: 6.212 GC heap after
Heap after GC invocations=4 (full 1):
 par new generation   total 76672K, used 8511K [0x00000000c0000000, 0x00000000c5330000, 0x00000000c5330000)
  eden space 68160K,   0% used [0x00000000c0000000, 0x00000000c0000000, 0x00000000c4290000)
  from space 8512K,  99% used [0x00000000c4290000, 0x00000000c4adfff0, 0x00000000c4ae0000)
  to   space 8512K,   0% used [0x00000000c4ae0000, 0x00000000c4ae0000, 0x00000000c5330000)
 concurrent mark-sweep generation total 176960K, used 8243K [0x00000000c5330000, 0x00000000d0000000, 0x0000000100000000)
 Metaspace       used 25932K, capacity 26132K, committed 26276K, reserved 1073152K
  class space    used 3352K, capacity 3428K, committed 3496K, reserved 1048576K
}
Event: 7.420 GC heap before
{Heap before GC invocations=4 (full 1):
 par new generation   total 76672K, used 76671K [0x00000000c0000000, 0x00000000c5330000, 0x00000000c5330000)
  eden space 68160K, 100% used [0x00000000c0000000, 0x00000000c4290000, 0x00000000c4290000)
  from space 8512K,  99% used [0x00000000c4290000, 0x00000000c4adfff0, 0x00000000c4ae0000)
  to   space 8512K,   0% used [0x00000000c4ae0000, 0x00000000c4ae0000, 0x00000000c5330000)
 concurrent mark-sweep generation total 176960K, used 8243K [0x00000000c5330000, 0x00000000d0000000, 0x0000000100000000)
 Metaspace       used 28804K, capacity 29116K, committed 29392K, reserved 1075200K
  class space    used 3727K, capacity 3848K, committed 3956K, reserved 1048576K
Event: 7.701 GC heap after
Heap after GC invocations=5 (full 1):
 par new generation   total 76672K, used 8512K [0x00000000c0000000, 0x00000000c5330000, 0x00000000c5330000)
  eden space 68160K,   0% used [0x00000000c0000000, 0x00000000c0000000, 0x00000000c4290000)
  from space 8512K, 100% used [0x00000000c4ae0000, 0x00000000c5330000, 0x00000000c5330000)
  to   space 8512K,   0% used [0x00000000c4290000, 0x00000000c4290000, 0x00000000c4ae0000)
 concurrent mark-sweep generation total 176960K, used 30843K [0x00000000c5330000, 0x00000000d0000000, 0x0000000100000000)
 Metaspace       used 28804K, capacity 29116K, committed 29392K, reserved 1075200K
  class space    used 3727K, capacity 3848K, committed 3956K, reserved 1048576K
}
Event: 12.928 GC heap before
{Heap before GC invocations=5 (full 1):
 par new generation   total 76672K, used 76672K [0x00000000c0000000, 0x00000000c5330000, 0x00000000c5330000)
  eden space 68160K, 100% used [0x00000000c0000000, 0x00000000c4290000, 0x00000000c4290000)
  from space 8512K, 100% used [0x00000000c4ae0000, 0x00000000c5330000, 0x00000000c5330000)
  to   space 8512K,   0% used [0x00000000c4290000, 0x00000000c4290000, 0x00000000c4ae0000)
 concurrent mark-sweep generation total 176960K, used 30784K [0x00000000c5330000, 0x00000000d0000000, 0x0000000100000000)
 Metaspace       used 34993K, capacity 35404K, committed 35692K, reserved 1081344K
  class space    used 4559K, capacity 4705K, committed 4724K, reserved 1048576K
Event: 13.734 GC heap after
Heap after GC invocations=6 (full 1):
 par new generation   total 76672K, used 8512K [0x00000000c0000000, 0x00000000c5330000, 0x00000000c5330000)
  eden space 68160K,   0% used [0x00000000c0000000, 0x00000000c0000000, 0x00000000c4290000)
  from space 8512K, 100% used [0x00000000c4290000, 0x00000000c4ae0000, 0x00000000c4ae0000)
  to   space 8512K,   0% used [0x00000000c4ae0000, 0x00000000c4ae0000, 0x00000000c5330000)
 concurrent mark-sweep generation total 176960K, used 44497K [0x00000000c5330000, 0x00000000d0000000, 0x0000000100000000)
 Metaspace       used 34993K, capacity 35404K, committed 35692K, reserved 1081344K
  class space    used 4559K, capacity 4705K, committed 4724K, reserved 1048576K
}

